TN:
SF:config\database.js
FN:5,connect
FN:27,closeConnection
FNF:2
FNH:2
FNDA:7,connect
FNDA:2,closeConnection
DA:1,1
DA:2,1
DA:3,1
DA:4,1
DA:5,7
DA:6,7
DA:7,7
DA:8,7
DA:9,7
DA:10,7
DA:11,7
DA:12,7
DA:13,1
DA:14,1
DA:15,1
DA:16,7
DA:17,7
DA:18,7
DA:19,7
DA:20,7
DA:21,7
DA:22,0
DA:23,0
DA:24,0
DA:25,7
DA:26,1
DA:27,2
DA:28,2
DA:29,1
DA:30,1
DA:31,1
DA:32,1
DA:33,1
DA:34,1
DA:35,1
DA:36,1
DA:37,1
LF:37
LH:34
BRDA:5,0,0,7
BRDA:12,1,0,1
BRDA:21,2,0,0
BRDA:27,3,0,2
BRDA:28,4,0,1
BRF:5
BRH:4
end_of_record
TN:
SF:repository\repository.js
FN:4,getCities
FN:13,getCinemasByCityId
FN:27,getMoviesByCinemaId
FN:50,getSessionsByCinemaId
FNF:4
FNH:4
FNDA:2,getCities
FNDA:2,getCinemasByCityId
FNDA:2,getMoviesByCinemaId
FNDA:1,getSessionsByCinemaId
DA:1,1
DA:2,1
DA:3,1
DA:4,2
DA:5,2
DA:6,2
DA:7,2
DA:8,2
DA:9,2
DA:10,2
DA:11,2
DA:12,1
DA:13,2
DA:14,2
DA:15,2
DA:16,2
DA:17,2
DA:18,2
DA:19,2
DA:20,2
DA:21,2
DA:22,0
DA:23,2
DA:24,2
DA:25,2
DA:26,1
DA:27,2
DA:28,2
DA:29,2
DA:30,2
DA:31,2
DA:32,2
DA:33,2
DA:34,2
DA:35,2
DA:36,2
DA:37,2
DA:38,2
DA:39,2
DA:40,2
DA:41,2
DA:42,2
DA:43,2
DA:44,2
DA:45,0
DA:46,0
DA:47,2
DA:48,2
DA:49,1
DA:50,1
DA:51,1
DA:52,1
DA:53,1
DA:54,1
DA:55,1
DA:56,1
DA:57,1
DA:58,1
DA:59,1
DA:60,1
DA:61,1
DA:62,1
DA:63,1
DA:64,1
DA:65,1
DA:66,1
DA:67,1
DA:68,1
DA:69,1
DA:70,1
DA:71,1
DA:72,1
DA:73,1
DA:74,1
DA:75,1
DA:76,1
DA:77,1
DA:78,1
DA:79,1
DA:80,1
DA:81,1
DA:82,1
LF:82
LH:79
BRDA:4,0,0,2
BRDA:5,1,0,2
BRDA:13,2,0,2
BRDA:17,3,0,2
BRDA:27,4,0,2
BRDA:31,5,0,2
BRDA:42,6,0,6
BRDA:50,7,0,1
BRDA:79,8,0,9
BRF:9
BRH:9
end_of_record
TN:
SF:server\server.js
FN:7,startServer
FN:42,stopServer
FNF:2
FNH:2
FNDA:2,startServer
FNDA:3,stopServer
DA:1,1
DA:2,1
DA:3,1
DA:4,1
DA:5,1
DA:6,1
DA:7,2
DA:8,2
DA:9,2
DA:10,2
DA:11,2
DA:12,2
DA:13,2
DA:14,2
DA:15,2
DA:16,2
DA:17,1
DA:18,2
DA:19,2
DA:20,2
DA:21,2
DA:22,2
DA:23,2
DA:24,2
DA:25,2
DA:26,2
DA:27,2
DA:28,2
DA:29,2
DA:30,2
DA:31,2
DA:32,2
DA:33,0
DA:34,0
DA:35,0
DA:36,0
DA:37,2
DA:38,2
DA:39,2
DA:40,2
DA:41,1
DA:42,3
DA:43,3
DA:44,3
DA:45,3
DA:46,3
DA:47,3
DA:48,1
DA:49,1
DA:50,1
DA:51,1
DA:52,1
LF:52
LH:48
BRDA:7,0,0,2
BRDA:26,1,0,0
BRDA:16,2,0,1
BRDA:27,3,0,2
BRDA:42,4,0,3
BRF:5
BRH:4
end_of_record
