TN:
SF:config\database.js
FN:5,connect
FN:27,closeConnection
FNF:2
FNH:2
FNDA:5,connect
FNDA:2,closeConnection
DA:1,1
DA:2,1
DA:3,1
DA:4,1
DA:5,5
DA:6,5
DA:7,5
DA:8,5
DA:9,5
DA:10,5
DA:11,5
DA:12,5
DA:13,1
DA:14,1
DA:15,1
DA:16,5
DA:17,5
DA:18,5
DA:19,5
DA:20,5
DA:21,5
DA:22,0
DA:23,0
DA:24,0
DA:25,5
DA:26,1
DA:27,2
DA:28,2
DA:29,1
DA:30,1
DA:31,1
DA:32,1
DA:33,1
DA:34,1
DA:35,1
DA:36,1
DA:37,1
LF:37
LH:34
BRDA:5,0,0,5
BRDA:12,1,0,1
BRDA:21,2,0,0
BRDA:27,3,0,2
BRDA:28,4,0,1
BRF:5
BRH:4
end_of_record
TN:
SF:repository\repository.js
FN:4,getCities
FN:13,getCinemasByCityId
FN:27,getMoviesByCinemaId
FNF:3
FNH:3
FNDA:2,getCities
FNDA:2,getCinemasByCityId
FNDA:1,getMoviesByCinemaId
DA:1,1
DA:2,1
DA:3,1
DA:4,2
DA:5,2
DA:6,2
DA:7,2
DA:8,2
DA:9,2
DA:10,2
DA:11,2
DA:12,1
DA:13,2
DA:14,2
DA:15,2
DA:16,2
DA:17,2
DA:18,2
DA:19,2
DA:20,2
DA:21,2
DA:22,0
DA:23,2
DA:24,2
DA:25,2
DA:26,1
DA:27,1
DA:28,1
DA:29,1
DA:30,1
DA:31,1
DA:32,1
DA:33,1
DA:34,1
DA:35,1
DA:36,1
DA:37,1
DA:38,1
DA:39,1
DA:40,1
DA:41,1
DA:42,1
DA:43,1
DA:44,1
DA:45,0
DA:46,0
DA:47,1
DA:48,1
DA:49,1
DA:50,1
LF:50
LH:47
BRDA:4,0,0,2
BRDA:5,1,0,2
BRDA:13,2,0,2
BRDA:17,3,0,2
BRDA:27,4,0,1
BRDA:31,5,0,1
BRDA:42,6,0,3
BRF:7
BRH:7
end_of_record
